1594586946545	mozrunner::runner	INFO	Running command: "C:\\Program Files\\Mozilla Firefox\\firefox.exe" "-marionette" "-foreground" "-no-remote" "-profile" "C:\\Users\\Jun\\AppData\\Local\\Temp\\rust_mozprofile5f6mDX"
JavaScript error: resource://gre/modules/XULStore.jsm, line 66: Error: Can't find profile directory.
1594586948793	Marionette	INFO	Listening on port 41814
1594586949156	Marionette	WARN	TLS certificate errors will be ignored for this session
JavaScript error: , line 0: uncaught exception: undefined
JavaScript error: , line 0: uncaught exception: undefined
JavaScript error: , line 0: uncaught exception: undefined
JavaScript error: , line 0: uncaught exception: undefined
JavaScript error: , line 0: uncaught exception: undefined
JavaScript error: , line 0: uncaught exception: undefined
JavaScript error: , line 0: uncaught exception: undefined
JavaScript error: , line 0: uncaught exception: undefined
JavaScript error: , line 0: uncaught exception: undefined
JavaScript error: , line 0: uncaught exception: undefined
JavaScript error: , line 0: uncaught exception: undefined
JavaScript error: , line 0: uncaught exception: undefined
JavaScript error: , line 0: uncaught exception: undefined
JavaScript error: , line 0: uncaught exception: undefined
JavaScript error: , line 0: uncaught exception: undefined
JavaScript error: , line 0: uncaught exception: undefined
JavaScript error: , line 0: uncaught exception: undefined
JavaScript error: , line 0: uncaught exception: undefined
1594587001534	Marionette	INFO	Stopped listening on port 41814

###!!! [Child][RunMessage] Error: Channel closing: too late to send/recv, messages will be lost


###!!! [Child][MessageChannel::SendAndWait] Error: Channel error: cannot send/recv

1594587099073	mozrunner::runner	INFO	Running command: "C:\\Program Files\\Mozilla Firefox\\firefox.exe" "-marionette" "-foreground" "-no-remote" "-profile" "C:\\Users\\Jun\\AppData\\Local\\Temp\\rust_mozprofileicok9J"
JavaScript error: resource://gre/modules/XULStore.jsm, line 66: Error: Can't find profile directory.
1594587101395	Marionette	INFO	Listening on port 41942
1594587101684	Marionette	WARN	TLS certificate errors will be ignored for this session
JavaScript error: resource://gre/actors/AutoCompleteChild.jsm, line 208: Error: Invalid autocomplete selectedIndex
JavaScript error: resource://gre/actors/AutoCompleteChild.jsm, line 208: Error: Invalid autocomplete selectedIndex
JavaScript error: resource://gre/modules/LoginManagerChild.jsm, line 174: NS_ERROR_XPC_JAVASCRIPT_ERROR_WITH_DETAILS: [JavaScript Error: "Invalid autocomplete selectedIndex" {file: "resource://gre/actors/AutoCompleteChild.jsm" line: 208}]'[JavaScript Error: "Invalid autocomplete selectedIndex" {file: "resource://gre/actors/AutoCompleteChild.jsm" line: 208}]' when calling method: [nsIAutoCompletePopup::selectedIndex]
1594587156561	Marionette	INFO	Stopped listening on port 41942

###!!! [Child][RunMessage] Error: Channel closing: too late to send/recv, messages will be lost


###!!! [Child][MessageChannel::SendAndWait] Error: Channel error: cannot send/recv

1594587160708	mozrunner::runner	INFO	Running command: "C:\\Program Files\\Mozilla Firefox\\firefox.exe" "-marionette" "-foreground" "-no-remote" "-profile" "C:\\Users\\Jun\\AppData\\Local\\Temp\\rust_mozprofileGisBot"
JavaScript error: resource://gre/modules/XULStore.jsm, line 66: Error: Can't find profile directory.
1594587162923	Marionette	INFO	Listening on port 42006
1594587163318	Marionette	WARN	TLS certificate errors will be ignored for this session
JavaScript error: resource://gre/actors/AutoCompleteChild.jsm, line 208: Error: Invalid autocomplete selectedIndex
JavaScript error: resource://gre/actors/AutoCompleteChild.jsm, line 208: Error: Invalid autocomplete selectedIndex
JavaScript error: resource://gre/modules/LoginManagerChild.jsm, line 174: NS_ERROR_XPC_JAVASCRIPT_ERROR_WITH_DETAILS: [JavaScript Error: "Invalid autocomplete selectedIndex" {file: "resource://gre/actors/AutoCompleteChild.jsm" line: 208}]'[JavaScript Error: "Invalid autocomplete selectedIndex" {file: "resource://gre/actors/AutoCompleteChild.jsm" line: 208}]' when calling method: [nsIAutoCompletePopup::selectedIndex]
1594587325827	Marionette	INFO	Stopped listening on port 42006

###!!! [Child][MessageChannel::SendAndWait] Error: Channel error: cannot send/recv

1594587330544	mozrunner::runner	INFO	Running command: "C:\\Program Files\\Mozilla Firefox\\firefox.exe" "-marionette" "-foreground" "-no-remote" "-profile" "C:\\Users\\Jun\\AppData\\Local\\Temp\\rust_mozprofile1yHC0X"
JavaScript error: resource://gre/modules/XULStore.jsm, line 66: Error: Can't find profile directory.
1594587332735	Marionette	INFO	Listening on port 42130
1594587333158	Marionette	WARN	TLS certificate errors will be ignored for this session
JavaScript error: resource://gre/actors/AutoCompleteChild.jsm, line 208: Error: Invalid autocomplete selectedIndex
JavaScript error: resource://gre/actors/AutoCompleteChild.jsm, line 208: Error: Invalid autocomplete selectedIndex
JavaScript error: resource://gre/modules/LoginManagerChild.jsm, line 174: NS_ERROR_XPC_JAVASCRIPT_ERROR_WITH_DETAILS: [JavaScript Error: "Invalid autocomplete selectedIndex" {file: "resource://gre/actors/AutoCompleteChild.jsm" line: 208}]'[JavaScript Error: "Invalid autocomplete selectedIndex" {file: "resource://gre/actors/AutoCompleteChild.jsm" line: 208}]' when calling method: [nsIAutoCompletePopup::selectedIndex]
1594587497104	Marionette	INFO	Stopped listening on port 42130

###!!! [Child][RunMessage] Error: Channel closing: too late to send/recv, messages will be lost


###!!! [Child][MessageChannel::SendAndWait] Error: Channel error: cannot send/recv

1594587501750	mozrunner::runner	INFO	Running command: "C:\\Program Files\\Mozilla Firefox\\firefox.exe" "-marionette" "-foreground" "-no-remote" "-profile" "C:\\Users\\Jun\\AppData\\Local\\Temp\\rust_mozprofileh7e49o"
JavaScript error: resource://gre/modules/XULStore.jsm, line 66: Error: Can't find profile directory.
1594587504056	Marionette	INFO	Listening on port 42290
1594587504362	Marionette	WARN	TLS certificate errors will be ignored for this session
JavaScript error: resource://gre/actors/AutoCompleteChild.jsm, line 208: Error: Invalid autocomplete selectedIndex
JavaScript error: resource://gre/actors/AutoCompleteChild.jsm, line 208: Error: Invalid autocomplete selectedIndex
JavaScript error: resource://gre/modules/LoginManagerChild.jsm, line 174: NS_ERROR_XPC_JAVASCRIPT_ERROR_WITH_DETAILS: [JavaScript Error: "Invalid autocomplete selectedIndex" {file: "resource://gre/actors/AutoCompleteChild.jsm" line: 208}]'[JavaScript Error: "Invalid autocomplete selectedIndex" {file: "resource://gre/actors/AutoCompleteChild.jsm" line: 208}]' when calling method: [nsIAutoCompletePopup::selectedIndex]
JavaScript warning: https://www.google.com/xjs/_/js/k=xjs.s.en_GB.BOGP4aXSc60.O/ck=xjs.s.v_tFnWdCrgk.L.F4.O/am=AAAAgAAAAIAlYO4GAOc_CABwQYkDAAAAEKAlwcYCKQQJCQEIAAAwCxMAAAI/d=1/exm=IvlUe,MC8mtf,TJw5qb,Y33vzc,ZyRBae,cdos,cr,csi,d,hsm,iDPoPb,jsa,mvYTse,tg8oTe/ed=1/dg=2/ct=zgms/rs=ACT90oGrEf7GwSsv8W_PILoTxy1b2izqzw/m=MB3mMb,MkHyGd,NBZ7u,OG6ZHd,RMhBfe,RqxLvf,T7XTS,TxZWcc,URQPYc,XMgU6d,aCZVp,aa,aam1T,abd,async,bgd,dvl,eN4qad,foot,iD8Yk,kyn,lu,m,m6a0l,mUpTid,mpck,mu,o02Jie,pB6Zqd,qik19b,rHjpXd,sb_wiz,sf,tl,uiNkee,vs,xiqEse,xz7cCd,zbML3c?xjs=s1, line 267: Script terminated by timeout at:
s_05f@https://www.google.com/xjs/_/js/k=xjs.s.en_GB.BOGP4aXSc60.O/ck=xjs.s.v_tFnWdCrgk.L.F4.O/am=AAAAgAAAAIAlYO4GAOc_CABwQYkDAAAAEKAlwcYCKQQJCQEIAAAwCxMAAAI/d=1/exm=IvlUe,MC8mtf,TJw5qb,Y33vzc,ZyRBae,cdos,cr,csi,d,hsm,iDPoPb,jsa,mvYTse,tg8oTe/ed=1/dg=2/ct=zgms/rs=ACT90oGrEf7GwSsv8W_PILoTxy1b2izqzw/m=MB3mMb,MkHyGd,NBZ7u,OG6ZHd,RMhBfe,RqxLvf,T7XTS,TxZWcc,URQPYc,XMgU6d,aCZVp,aa,aam1T,abd,async,bgd,dvl,eN4qad,foot,iD8Yk,kyn,lu,m,m6a0l,mUpTid,mpck,mu,o02Jie,pB6Zqd,qik19b,rHjpXd,sb_wiz,sf,tl,uiNkee,vs,xiqEse,xz7cCd,zbML3c?xjs=s1:267:102
s_15f@https://www.google.com/xjs/_/js/k=xjs.s.en_GB.BOGP4aXSc60.O/ck=xjs.s.v_tFnWdCrgk.L.F4.O/am=AAAAgAAAAIAlYO4GAOc_CABwQYkDAAAAEKAlwcYCKQQJCQEIAAAwCxMAAAI/d=1/exm=IvlUe,MC8mtf,TJw5qb,Y33vzc,ZyRBae,cdos,cr,csi,d,hsm,iDPoPb,jsa,mvYTse,tg8oTe/ed=1/dg=2/ct=zgms/rs=ACT90oGrEf7GwSsv8W_PILoTxy1b2izqzw/m=MB3mMb,MkHyGd,NBZ7u,OG6ZHd,RMhBfe,RqxLvf,T7XTS,TxZWcc,URQPYc,XMgU6d,aCZVp,aa,aam1T,abd,async,bgd,dvl,eN4qad,foot,iD8Yk,kyn,lu,m,m6a0l,mUpTid,mpck,mu,o02Jie,pB6Zqd,qik19b,rHjpXd,sb_wiz,sf,tl,uiNkee,vs,xiqEse,xz7cCd,zbML3c?xjs=s1:267:195
s_m6f@https://www.google.com/xjs/_/js/k=xjs.s.en_GB.BOGP4aXSc60.O/ck=xjs.s.v_tFnWdCrgk.L.F4.O/am=AAAAgAAAAIAlYO4GAOc_CABwQYkDAAAAEKAlwcYCKQQJCQEIAAAwCxMAAAI/d=1/exm=IvlUe,MC8mtf,TJw5qb,Y33vzc,ZyRBae,cdos,cr,csi,d,hsm,iDPoPb,jsa,mvYTse,tg8oTe/ed=1/dg=2/ct=zgms/rs=ACT90oGrEf7GwSsv8W_PILoTxy1b2izqzw/m=MB3mMb,MkHyGd,NBZ7u,OG6ZHd,RMhBfe,RqxLvf,T7XTS,TxZWcc,URQPYc,XMgU6d,aCZVp,aa,aam1T,abd,async,bgd,dvl,eN4qad,foot,iD8Yk,kyn,lu,m,m6a0l,mUpTid,mpck,mu,o02Jie,pB6Zqd,qik19b,rHjpXd,sb_wiz,sf,tl,uiNkee,vs,xiqEse,xz7cCd,zbML3c?xjs=s1:288:280
s_k6f.prototype.Ua@https://www.google.com/xjs/_/js/k=xjs.s.en_GB.BOGP4aXSc60.O/ck=xjs.s.v_tFnWdCrgk.L.F4.O/am=AAAAgAAAAIAlYO4GAOc_CABwQYkDAAAAEKAlwcYCKQQJCQEIAAAwCxMAAAI/d=1/exm=IvlUe,MC8mtf,TJw5qb,Y33vzc,ZyRBae,cdos,cr,csi,d,hsm,iDPoPb,jsa,mvYTse,tg8oTe/ed=1/dg=2/ct=zgms/rs=ACT90oGrEf7GwSsv8W_PILoTxy1b2izqzw/m=MB3mMb,MkHyGd,NBZ7u,OG6ZHd,RMhBfe,RqxLvf,T7XTS,TxZWcc,URQPYc,XMgU6d,aCZVp,aa,aam1T,abd,async,bgd,dvl,eN4qad,foot,iD8Yk,kyn,lu,m,m6a0l,mUpTid,mpck,mu,o02Jie,pB6Zqd,qik19b,rHjpXd,sb_wiz,sf,tl,uiNkee,vs,xiqEse,xz7cCd,zbML3c?xjs=s1:289:305
s_.P9@https://www.google.com/xjs/_/js/k=xjs.s.en_GB.BOGP4aXSc60.O/ck=xjs.s.v_tFnWdCrgk.L.F4.O/m=IvlUe,MC8mtf,TJw5qb,Y33vzc,ZyRBae,cdos,cr,hsm,iDPoPb,jsa,mvYTse,tg8oTe,d,csi/am=AAAAgAAAAIAlYO4GAOc_CABwQYkDAAAAEKAlwcYCKQQJCQEIAAAwCxMAAAI/d=1/dg=2/ct=zgms/rs=ACT90oGrEf7GwSsv8W_PILoTxy1b2izqzw:414:209
s_.dispatchEvent@https://www.google.com/xjs/_/js/k=xjs.s.en_GB.BOGP4aXSc60.O/ck=xjs.s.v_tFnWdCrgk.L.F4.O/m=IvlUe,MC8mtf,TJw5qb,Y33vzc,ZyRBae,cdos,cr,hsm,iDPoPb,jsa,mvYTse,tg8oTe,d,csi/am=AAAAgAAAAIAlYO4GAOc_CABwQYkDAAAAEKAlwcYCKQQJCQEIAAAwCxMAAAI/d=1/dg=2/ct=zgms/rs=ACT90oGrEf7GwSsv8W_PILoTxy1b2izqzw:412:384
s_gS.prototype.Ba@https://www.google.com/xjs/_/js/k=xjs.s.en_GB.BOGP4aXSc60.O/ck=xjs.s.v_tFnWdCrgk.L.F4.O/am=AAAAgAAAAIAlYO4GAOc_CABwQYkDAAAAEKAlwcYCKQQJCQEIAAAwCxMAAAI/d=1/exm=IvlUe,MC8mtf,TJw5qb,Y33vzc,ZyRBae,cdos,cr,csi,d,hsm,iDPoPb,jsa,mvYTse,tg8oTe/ed=1/dg=2/ct=zgms/rs=ACT90oGrEf7GwSsv8W_PILoTxy1b2izqzw/m=MB3mMb,MkHyGd,NBZ7u,OG6ZHd,RMhBfe,RqxLvf,T7XTS,TxZWcc,URQPYc,XMgU6d,aCZVp,aa,aam1T,abd,async,bgd,dvl,eN4qad,foot,iD8Yk,kyn,lu,m,m6a0l,mUpTid,mpck,mu,o02Jie,pB6Zqd,qik19b,rHjpXd,sb_wiz,sf,tl,uiNkee,vs,xiqEse,xz7cCd,zbML3c?xjs=s1:273:221
s_Uha@https://www.google.com/xjs/_/js/k=xjs.s.en_GB.BOGP4aXSc60.O/ck=xjs.s.v_tFnWdCrgk.L.F4.O/m=IvlUe,MC8mtf,TJw5qb,Y33vzc,ZyRBae,cdos,cr,hsm,iDPoPb,jsa,mvYTse,tg8oTe,d,csi/am=AAAAgAAAAIAlYO4GAOc_CABwQYkDAAAAEKAlwcYCKQQJCQEIAAAwCxMAAAI/d=1/dg=2/ct=zgms/rs=ACT90oGrEf7GwSsv8W_PILoTxy1b2izqzw:274:243
s_Sha@https://www.google.com/xjs/_/js/k=xjs.s.en_GB.BOGP4aXSc60.O/ck=xjs.s.v_tFnWdCrgk.L.F4.O/m=IvlUe,MC8mtf,TJw5qb,Y33vzc,ZyRBae,cdos,cr,hsm,iDPoPb,jsa,mvYTse,tg8oTe,d,csi/am=AAAAgAAAAIAlYO4GAOc_CABwQYkDAAAAEKAlwcYCKQQJCQEIAAAwCxMAAAI/d=1/dg=2/ct=zgms/rs=ACT90oGrEf7GwSsv8W_PILoTxy1b2izqzw:275:249
s_Qha/b<@https://www.google.com/xjs/_/js/k=xjs.s.en_GB.BOGP4aXSc60.O/ck=xjs.s.v_tFnWdCrgk.L.F4.O/m=IvlUe,MC8mtf,TJw5qb,Y33vzc,ZyRBae,cdos,cr,hsm,iDPoPb,jsa,mvYTse,tg8oTe,d,csi/am=AAAAgAAAAIAlYO4GAOc_CABwQYkDAAAAEKAlwcYCKQQJCQEIAAAwCxMAAAI/d=1/dg=2/ct=zgms/rs=ACT90oGrEf7GwSsv8W_PILoTxy1b2izqzw:271:277

1594587711569	Marionette	INFO	Stopped listening on port 42290

###!!! [Child][RunMessage] Error: Channel closing: too late to send/recv, messages will be lost


###!!! [Child][MessageChannel::SendAndWait] Error: Channel error: cannot send/recv

1594587717931	mozrunner::runner	INFO	Running command: "C:\\Program Files\\Mozilla Firefox\\firefox.exe" "-marionette" "-foreground" "-no-remote" "-profile" "C:\\Users\\Jun\\AppData\\Local\\Temp\\rust_mozprofilevnZa3e"
JavaScript error: resource://gre/modules/XULStore.jsm, line 66: Error: Can't find profile directory.
1594587720224	Marionette	INFO	Listening on port 42472
1594587720543	Marionette	WARN	TLS certificate errors will be ignored for this session
JavaScript error: resource://gre/actors/AutoCompleteChild.jsm, line 208: Error: Invalid autocomplete selectedIndex
JavaScript error: resource://gre/actors/AutoCompleteChild.jsm, line 208: Error: Invalid autocomplete selectedIndex
JavaScript error: resource://gre/modules/LoginManagerChild.jsm, line 174: NS_ERROR_XPC_JAVASCRIPT_ERROR_WITH_DETAILS: [JavaScript Error: "Invalid autocomplete selectedIndex" {file: "resource://gre/actors/AutoCompleteChild.jsm" line: 208}]'[JavaScript Error: "Invalid autocomplete selectedIndex" {file: "resource://gre/actors/AutoCompleteChild.jsm" line: 208}]' when calling method: [nsIAutoCompletePopup::selectedIndex]
[Parent 166324, Gecko_IOThread] WARNING: file /builds/worker/checkouts/gecko/ipc/chromium/src/base/process_util_win.cc, line 166

###!!! [Child][MessageChannel] Error: (msgtype=0x39012D,name=PContent::Msg_ScriptError) Channel closing: too late to send/recv, messages will be lost

1594587920973	Marionette	INFO	Stopp1594587921998	Marionette	INFO	Listening on port 42725
1594587922106	Marionette	WARN	TLS certificate errors will be ignored for this session
JavaScript error: resource://gre/actors/AutoCompleteChild.jsm, line 208: Error: Invalid autocomplete selectedIndex
JavaScript error: resource://gre/actors/AutoCompleteChild.jsm, line 208: Error: Invalid autocomplete selectedIndex
JavaScript error: resource://gre/modules/LoginManagerChild.jsm, line 174: NS_ERROR_XPC_JAVASCRIPT_ERROR_WITH_DETAILS: [JavaScript Error: "Invalid autocomplete selectedIndex" {file: "resource://gre/actors/AutoCompleteChild.jsm" line: 208}]'[JavaScript Error: "Invalid autocomplete selectedIndex" {file: "resource://gre/actors/AutoCompleteChild.jsm" line: 208}]' when calling method: [nsIAutoCompletePopup::selectedIndex]
1594588100491	mozrunner::runner	INFO	Running command: "C:\\Program Files\\Mozilla Firefox\\firefox.exe" "-marionette" "-foreground" "-no-remote" "-profile" "C:\\Users\\Jun\\AppData\\Local\\Temp\\rust_mozprofileVemFdM"
JavaScript error: resource://gre/modules/XULStore.jsm, line 66: Error: Can't find profile directory.
1594588102861	Marionette	INFO	Listening on port 42840
1594588103111	Marionette	WARN	TLS certificate errors will be ignored for this session
JavaScript error: resource://gre/actors/AutoCompleteChild.jsm, line 208: Error: Invalid autocomplete selectedIndex
JavaScript error: resource://gre/actors/AutoCompleteChild.jsm, line 208: Error: Invalid autocomplete selectedIndex
JavaScript error: resource://gre/modules/LoginManagerChild.jsm, line 174: NS_ERROR_XPC_JAVASCRIPT_ERROR_WITH_DETAILS: [JavaScript Error: "Invalid autocomplete selectedIndex" {file: "resource://gre/actors/AutoCompleteChild.jsm" line: 208}]'[JavaScript Error: "Invalid autocomplete selectedIndex" {file: "resource://gre/actors/AutoCompleteChild.jsm" line: 208}]' when calling method: [nsIAutoCompletePopup::selectedIndex]
1594588214596	Marionette	INFO	Stopped listening on port 42840

###!!! [Child][RunMessage] Error: Channel closing: too late to send/recv, messages will be lost


###!!! [Child][MessageChannel::SendAndWait] Error: Channel error: cannot send/recv

1594588219112	mozrunner::runner	INFO	Running command: "C:\\Program Files\\Mozilla Firefox\\firefox.exe" "-marionette" "-foreground" "-no-remote" "-profile" "C:\\Users\\Jun\\AppData\\Local\\Temp\\rust_mozprofile1AcIy5"
JavaScript error: resource://gre/modules/XULStore.jsm, line 66: Error: Can't find profile directory.
1594588221464	Marionette	INFO	Listening on port 42945
1594588221724	Marionette	WARN	TLS certificate errors will be ignored for this session
JavaScript error: resource://gre/actors/AutoCompleteChild.jsm, line 208: Error: Invalid autocomplete selectedIndex
JavaScript error: resource://gre/actors/AutoCompleteChild.jsm, line 208: Error: Invalid autocomplete selectedIndex
JavaScript error: resource://gre/modules/LoginManagerChild.jsm, line 174: NS_ERROR_XPC_JAVASCRIPT_ERROR_WITH_DETAILS: [JavaScript Error: "Invalid autocomplete selectedIndex" {file: "resource://gre/actors/AutoCompleteChild.jsm" line: 208}]'[JavaScript Error: "Invalid autocomplete selectedIndex" {file: "resource://gre/actors/AutoCompleteChild.jsm" line: 208}]' when calling method: [nsIAutoCompletePopup::selectedIndex]
1594588289937	Marionette	INFO	Stopped listening on port 42945

###!!! [Child][RunMessage] Error: Channel closing: too late to send/recv, messages will be lost


###!!! [Child][MessageChannel::SendAndWait] Error: Channel error: cannot send/recv

1594588294070	mozrunner::runner	INFO	Running command: "C:\\Program Files\\Mozilla Firefox\\firefox.exe" "-marionette" "-foreground" "-no-remote" "-profile" "C:\\Users\\Jun\\AppData\\Local\\Temp\\rust_mozprofileBmGdrR"
JavaScript error: resource://gre/modules/XULStore.jsm, line 66: Error: Can't find profile directory.
1594588296398	Marionette	INFO	Listening on port 43039
1594588296686	Marionette	WARN	TLS certificate errors will be ignored for this session
JavaScript error: resource://gre/actors/AutoCompleteChild.jsm, line 208: Error: Invalid autocomplete selectedIndex
JavaScript error: resource://gre/actors/AutoCompleteChild.jsm, line 208: Error: Invalid autocomplete selectedIndex
JavaScript error: resource://gre/modules/LoginManagerChild.jsm, line 174: NS_ERROR_XPC_JAVASCRIPT_ERROR_WITH_DETAILS: [JavaScript Error: "Invalid autocomplete selectedIndex" {file: "resource://gre/actors/AutoCompleteChild.jsm" line: 208}]'[JavaScript Error: "Invalid autocomplete selectedIndex" {file: "resource://gre/actors/AutoCompleteChild.jsm" line: 208}]' when calling method: [nsIAutoCompletePopup::selectedIndex]
1594589071081	Marionette	INFO	Stopped listening on port 43039

###!!! [Child][RunMessage] Error: Channel closing: too late to send/recv, messages will be lost


###!!! [Child][MessageChannel::SendAndWait] Error: Channel error: cannot send/recv

odules/XULStore.jsm, line 66: Error: Can't find profile directory.
1594589071173	Marionette	INFO	Listening on port 43230
1594589071324	Marionette	WARN	TLS certificate errors will be ignored for this session
1594589079682	Marionette	INFO	Stopped listening on port 43230

###!!! [Child][RunMessage] Error: Channel closing: too late to send/recv, messages will be lost


###!!! [Child][MessageChannel::SendAndWait] Error: Channel error: cannot send/recv

1594589096148	mozrunner::runner	INFO	Running command: "C:\\Program Files\\Mozilla Firefox\\firefox.exe" "-marionette" "-foreground" "-no-remote" "-profile" "C:\\Users\\Jun\\AppData\\Local\\Temp\\rust_mozprofile1ygzYD"
JavaScript error: resource://gre/modules/XULStore.jsm, line 66: Error: Can't find profile directory.
1594589098505	Marionette	INFO	Listening on port 43282
1594589098758	Marionette	WARN	TLS certificate errors will be ignored for this session
JavaScript error: resource://gre/actors/AutoCompleteChild.jsm, line 208: Error: Invalid autocomplete selectedIndex
JavaScript error: resource://gre/actors/AutoCompleteChild.jsm, line 208: Error: Invalid autocomplete selectedIndex
JavaScript error: resource://gre/modules/LoginManagerChild.jsm, line 174: NS_ERROR_XPC_JAVASCRIPT_ERROR_WITH_DETAILS: [JavaScript Error: "Invalid autocomplete selectedIndex" {file: "resource://gre/actors/AutoCompleteChild.jsm" line: 208}]'[JavaScript Error: "Invalid autocomplete selectedIndex" {file: "resource://gre/actors/AutoCompleteChild.jsm" line: 208}]' when calling method: [nsIAutoCompletePopup::selectedIndex]
JavaScript error: https://static.h-bid.com/prebid/latest/prebid.js, line 25: TypeError: n is undefined
JavaScript error: https://eus.rubiconproject.com/usync.html?gdpr=1&gdpr_consent=BO2cwvNO2cwvNDlDLAENDS-AAAAxKAAA&us_privacy=1---, line 12: SecurityError: The operation is insecure.
1594590011679	mozrunner::runner	INFO	Running command: "C:\\Program Files\\Mozilla Firefox\\firefox.exe" "-marionette" "-foreground" "-no-remote" "-profile" "C:\\Users\\Jun\\AppData\\Local\\Temp\\rust_mozprofileVq9aTr"
JavaScript error: resource://gre/modules/XULStore.jsm, line 66: Error: Can't find profile directory.
1594590014010	Marionette	INFO	Listening on port 43772
1594590014298	Marionette	WARN	TLS certificate errors will be ignored for this session
JavaScript error: resource://gre/actors/AutoCompleteChild.jsm, line 208: Error: Invalid autocomplete selectedIndex
JavaScript error: resource://gre/actors/AutoCompleteChild.jsm, line 208: Error: Invalid autocomplete selectedIndex
JavaScript error: resource://gre/modules/LoginManagerChild.jsm, line 174: NS_ERROR_XPC_JAVASCRIPT_ERROR_WITH_DETAILS: [JavaScript Error: "Invalid autocomplete selectedIndex" {file: "resource://gre/actors/AutoCompleteChild.jsm" line: 208}]'[JavaScript Error: "Invalid autocomplete selectedIndex" {file: "resource://gre/actors/AutoCompleteChild.jsm" line: 208}]' when calling method: [nsIAutoCompletePopup::selectedIndex]
1594590154223	Marionette	INFO	Stopped listening on port 43772

###!!! [Child][RunMessage] Error: Channel closing: too late to send/recv, messages will be lost


###!!! [Child][MessageChannel::SendAndWait] Error: Channel error: cannot send/recv

1594590160377	mozrunner::runner	INFO	Running command: "C:\\Program Files\\Mozilla Firefox\\firefox.exe" "-marionette" "-foreground" "-no-remote" "-profile" "C:\\Users\\Jun\\AppData\\Local\\Temp\\rust_mozprofileZ7wCMF"
JavaScript error: resource://gre/modules/XULStore.jsm, line 66: Error: Can't find profile directory.
1594590162678	Marionette	INFO	Listening on port 43879
1594590162988	Marionette	WARN	TLS certificate errors will be ignored for this session
JavaScript error: resource://gre/actors/AutoCompleteChild.jsm, line 208: Error: Invalid autocomplete selectedIndex
JavaScript error: resource://gre/actors/AutoCompleteChild.jsm, line 208: Error: Invalid autocomplete selectedIndex
JavaScript error: resource://gre/modules/LoginManagerChild.jsm, line 174: NS_ERROR_XPC_JAVASCRIPT_ERROR_WITH_DETAILS: [JavaScript Error: "Invalid autocomplete selectedIndex" {file: "resource://gre/actors/AutoCompleteChild.jsm" line: 208}]'[JavaScript Error: "Invalid autocomplete selectedIndex" {file: "resource://gre/actors/AutoCompleteChild.jsm" line: 208}]' when calling method: [nsIAutoCompletePopup::selectedIndex]
1594590198115	Marionette	INFO	Stopped listening on port 43879

###!!! [Child][RunMessage] Error: Channel closing: too late to send/recv, messages will be lost


###!!! [Child][MessageChannel::SendAndWait] Error: Channel error: cannot send/recv

1594590261227	mozrunner::runner	INFO	Running command: "C:\\Program Files\\Mozilla Firefox\\firefox.exe" "-marionette" "-foreground" "-no-remote" "-profile" "C:\\Users\\Jun\\AppData\\Local\\Temp\\rust_mozprofileP82QsD"
JavaScript error: resource://gre/modules/XULStore.jsm, line 66: Error: Can't find profile directory.
1594590263712	Marionette	INFO	Listening on port 43962
1594590263837	Marionette	WARN	TLS certificate errors will be ignored for this session
JavaScript error: resource://gre/actors/AutoCompleteChild.jsm, line 208: Error: Invalid autocomplete selectedIndex
JavaScript error: resource://gre/actors/AutoCompleteChild.jsm, line 208: Error: Invalid autocomplete selectedIndex
JavaScript error: resource://gre/modules/LoginManagerChild.jsm, line 174: NS_ERROR_XPC_JAVASCRIPT_ERROR_WITH_DETAILS: [JavaScript Error: "Invalid autocomplete selectedIndex" {file: "resource://gre/actors/AutoCompleteChild.jsm" line: 208}]'[JavaScript Error: "Invalid autocomplete selectedIndex" {file: "resource://gre/actors/AutoCompleteChild.jsm" line: 208}]' when calling method: [nsIAutoCompletePopup::selectedIndex]
1594590320481	Marionette	INFO	Stopped listening on port 43962

###!!! [Child][RunMessage] Error: Channel closing: too late to send/recv, messages will be lost


###!!! [Child][MessageChannel::SendAndWait] Error: Channel error: cannot send/recv

1594590443141	mozrunner::runner	INFO	Running command: "C:\\Program Files\\Mozilla Firefox\\firefox.exe" "-marionette" "-foreground" "-no-remote" "-profile" "C:\\Users\\Jun\\AppData\\Local\\Temp\\rust_mozprofileUb9VhK"
JavaScript error: resource://gre/modules/XULStore.jsm, line 66: Error: Can't find profile directory.
1594590445619	Marionette	INFO	Listening on port 44063
1594590445750	Marionette	WARN	TLS certificate errors will be ignored for this session
1594590546031	Marionette	INFO	Stopped listening on port 44063

###!!! [Child][RunMessage] Error: Channel closing: too late to send/recv, messages will be lost


###!!! [Child][MessageChannel::SendAndWait] Error: Channel error: cannot send/recv

1594590550487	mozrunner::runner	INFO	Running command: "C:\\Program Files\\Mozilla Firefox\\firefox.exe" "-marionette" "-foreground" "-no-remote" "-profile" "C:\\Users\\Jun\\AppData\\Local\\Temp\\rust_mozprofile1SVuXj"
JavaScript error: resource://gre/modules/XULStore.jsm, line 66: Error: Can't find profile directory.
1594590552945	Marionette	INFO	Listening on port 44142
1594590553103	Marionette	WARN	TLS certificate errors will be ignored for this session
JavaScript error: resource://gre/actors/AutoCompleteChild.jsm, line 208: Error: Invalid autocomplete selectedIndex
JavaScript error: resource://gre/actors/AutoCompleteChild.jsm, line 208: Error: Invalid autocomplete selectedIndex
JavaScript error: resource://gre/modules/LoginManagerChild.jsm, line 174: NS_ERROR_XPC_JAVASCRIPT_ERROR_WITH_DETAILS: [JavaScript Error: "Invalid autocomplete selectedIndex" {file: "resource://gre/actors/AutoCompleteChild.jsm" line: 208}]'[JavaScript Error: "Invalid autocomplete selectedIndex" {file: "resource://gre/actors/AutoCompleteChild.jsm" line: 208}]' when calling method: [nsIAutoCompletePopup::selectedIndex]
JavaScript error: https://www.geeksforgeeks.org/python-string-strip-2/ line 1 > scriptElement, line 1: TypeError: e is not a function
JavaScript error: https://cdn.adpushup.com/40792/adpushup.js, line 1: TypeError: window.adpushup.adpTags is undefined
JavaScript error: https://cdn.adpushup.com/40792/adpushup.js, line 1: TypeError: window.adpushup.adpTags is undefined
1594590796016	Marionette	INFO	Stopped listening on port 44142

###!!! [Child][MessageChannel::SendAndWait] Error: Channel error: cannot send/recv

1594590817458	mozrunner::runner	INFO	Running command: "C:\\Program Files\\Mozilla Firefox\\firefox.exe" "-marionette" "-foreground" "-no-remote" "-profile" "C:\\Users\\Jun\\AppData\\Local\\Temp\\rust_mozprofilel2wYKt"
JavaScript error: resource://gre/modules/XULStore.jsm, line 66: Error: Can't find profile directory.
1594590820081	Marionette	INFO	Listening on port 44314
1594590820575	Marionette	WARN	TLS certificate errors will be ignored for this session
JavaScript error: resource://gre/actors/AutoCompleteChild.jsm, line 208: Error: Invalid autocomplete selectedIndex
JavaScript error: resource://gre/actors/AutoCompleteChild.jsm, line 208: Error: Invalid autocomplete selectedIndex
JavaScript error: resource://gre/modules/LoginManagerChild.jsm, line 174: NS_ERROR_XPC_JAVASCRIPT_ERROR_WITH_DETAILS: [JavaScript Error: "Invalid autocomplete selectedIndex" {file: "resource://gre/actors/AutoCompleteChild.jsm" line: 208}]'[JavaScript Error: "Invalid autocomplete selectedIndex" {file: "resource://gre/actors/AutoCompleteChild.jsm" line: 208}]' when calling method: [nsIAutoCompletePopup::selectedIndex]
JavaScript error: , line 0: uncaught exception: undefined
JavaScript error: , line 0: uncaught exception: undefined
1594590938636	Marionette	INFO	Stopped listening on port 44314

###!!! [Child][RunMessage] Error: Channel closing: too late to send/recv, messages will be lost


###!!! [Child][MessageChannel::SendAndWait] Error: Channel error: cannot send/recv

1594590946180	mozrunner::runner	INFO	Running command: "C:\\Program Files\\Mozilla Firefox\\firefox.exe" "-marionette" "-foreground" "-no-remote" "-profile" "C:\\Users\\Jun\\AppData\\Local\\Temp\\rust_mozprofileti2mQU"
JavaScript error: resource://gre/modules/XULStore.jsm, line 66: Error: Can't find profile directory.
1594590949061	Marionette	INFO	Listening on port 44405
1594590949297	Marionette	WARN	TLS certificate errors will be ignored for this session
JavaScript error: resource://gre/actors/AutoCompleteChild.jsm, line 208: Error: Invalid autocomplete selectedIndex
JavaScript error: resource://gre/actors/AutoCompleteChild.jsm, line 208: Error: Invalid autocomplete selectedIndex
JavaScript error: resource://gre/modules/LoginManagerChild.jsm, line 174: NS_ERROR_XPC_JAVASCRIPT_ERROR_WITH_DETAILS: [JavaScript Error: "Invalid autocomplete selectedIndex" {file: "resource://gre/actors/AutoCompleteChild.jsm" line: 208}]'[JavaScript Error: "Invalid autocomplete selectedIndex" {file: "resource://gre/actors/AutoCompleteChild.jsm" line: 208}]' when calling method: [nsIAutoCompletePopup::selectedIndex]
console.error: "Store does not have a valid reducer. Make sure the argument passed to combineReducers is an object whose values are reducers."
1594591256717	Marionette	INFO	Stopped listening on port 44405

###!!! [Child][MessageChannel::SendAndWait] Error: Channel error: cannot send/recv

1594591260947	mozrunner::runner	INFO	Running command: "C:\\Program Files\\Mozilla Firefox\\firefox.exe" "-marionette" "-foreground" "-no-remote" "-profile" "C:\\Users\\Jun\\AppData\\Local\\Temp\\rust_mozprofilemp3vK9"
JavaScript error: resource://gre/modules/XULStore.jsm, line 66: Error: Can't find profile directory.
1594591263326	Marionette	INFO	Listening on port 44618
1594591263560	Marionette	WARN	TLS certificate errors will be ignored for this session
JavaScript error: resource://gre/actors/AutoCompleteChild.jsm, line 208: Error: Invalid autocomplete selectedIndex
JavaScript error: resource://gre/actors/AutoCompleteChild.jsm, line 208: Error: Invalid autocomplete selectedIndex
JavaScript error: resource://gre/modules/LoginManagerChild.jsm, line 174: NS_ERROR_XPC_JAVASCRIPT_ERROR_WITH_DETAILS: [JavaScript Error: "Invalid autocomplete selectedIndex" {file: "resource://gre/actors/AutoCompleteChild.jsm" line: 208}]'[JavaScript Error: "Invalid autocomplete selectedIndex" {file: "resource://gre/actors/AutoCompleteChild.jsm" line: 208}]' when calling method: [nsIAutoCompletePopup::selectedIndex]
1594591363143	Marionette	INFO	Stopped listening on port 44618

###!!! [Child][RunMessage] Error: Channel closing: too late to send/recv, messages will be lost


###!!! [Child][MessageChannel::SendAndWait] Error: Channel error: cannot send/recv

1594591368238	mozrunner::runner	INFO	Running command: "C:\\Program Files\\Mozilla Firefox\\firefox.exe" "-marionette" "-foreground" "-no-remote" "-profile" "C:\\Users\\Jun\\AppData\\Local\\Temp\\rust_mozprofileC1NcLi"
JavaScript error: resource://gre/modules/XULStore.jsm, line 66: Error: Can't find profile directory.
1594591370479	Marionette	INFO	Listening on port 44760
1594591370855	Marionette	WARN	TLS certificate errors will be ignored for this session
1594591492805	mozrunner::runner	INFO	Running command: "C:\\Program Files\\Mozilla Firefox\\firefox.exe" "-marionette" "-foreground" "-no-remote" "-profile" "C:\\Users\\Jun\\AppData\\Local\\Temp\\rust_mozprofilemJFjqR"
JavaScript error: resource://gre/modules/XULStore.jsm, line 66: Error: Can't find profile directory.
1594591494995	Marionette	INFO	Listening on port 44868
1594591495420	Marionette	WARN	TLS certificate errors will be ignored for this session
JavaScript error: resource://gre/actors/AutoCompleteChild.jsm, line 208: Error: Invalid autocomplete selectedIndex
JavaScript error: resource://gre/actors/AutoCompleteChild.jsm, line 208: Error: Invalid autocomplete selectedIndex
JavaScript error: resource://gre/modules/LoginManagerChild.jsm, line 174: NS_ERROR_XPC_JAVASCRIPT_ERROR_WITH_DETAILS: [JavaScript Error: "Invalid autocomplete selectedIndex" {file: "resource://gre/actors/AutoCompleteChild.jsm" line: 208}]'[JavaScript Error: "Invalid autocomplete selectedIndex" {file: "resource://gre/actors/AutoCompleteChild.jsm" line: 208}]' when calling method: [nsIAutoCompletePopup::selectedIndex]
JavaScript error: https://static.h-bid.com/prebid/latest/prebid.js, line 25: TypeError: n is undefined
1594591618093	mozrunner::runner	INFO	Running command: "C:\\Program Files\\Mozilla Firefox\\firefox.exe" "-marionette" "-foreground" "-no-remote" "-profile" "C:\\Users\\Jun\\AppData\\Local\\Temp\\rust_mozprofileLnQDQc"
JavaScript error: resource://gre/modules/XULStore.jsm, line 66: Error: Can't find profile directory.
1594591620304	Marionette	INFO	Listening on port 45048
1594591620715	Marionette	WARN	TLS certificate errors will be ignored for this session
1594591681062	Marionette	INFO	Stopped listening on port 45048

###!!! [Child][RunMessage] Error: Channel closing: too late to send/recv, messages will be lost


###!!! [Child][MessageChannel::SendAndWait] Error: Channel error: cannot send/recv

1594591686220	mozrunner::runner	INFO	Running command: "C:\\Program Files\\Mozilla Firefox\\firefox.exe" "-marionette" "-foreground" "-no-remote" "-profile" "C:\\Users\\Jun\\AppData\\Local\\Temp\\rust_mozprofileixJd5J"
JavaScript error: resource://gre/modules/XULStore.jsm, line 66: Error: Can't find profile directory.
1594591688522	Marionette	INFO	Listening on port 45099
1594591688833	Marionette	WARN	TLS certificate errors will be ignored for this session
JavaScript error: resource://gre/actors/AutoCompleteChild.jsm, line 208: Error: Invalid autocomplete selectedIndex
JavaScript error: resource://gre/actors/AutoCompleteChild.jsm, line 208: Error: Invalid autocomplete selectedIndex
JavaScript error: resource://gre/modules/LoginManagerChild.jsm, line 174: NS_ERROR_XPC_JAVASCRIPT_ERROR_WITH_DETAILS: [JavaScript Error: "Invalid autocomplete selectedIndex" {file: "resource://gre/actors/AutoCompleteChild.jsm" line: 208}]'[JavaScript Error: "Invalid autocomplete selectedIndex" {file: "resource://gre/actors/AutoCompleteChild.jsm" line: 208}]' when calling method: [nsIAutoCompletePopup::selectedIndex]
1594591827103	mozrunner::runner	INFO	Running command: "C:\\Program Files\\Mozilla Firefox\\firefox.exe" "-marionette" "-foreground" "-no-remote" "-profile" "C:\\Users\\Jun\\AppData\\Local\\Temp\\rust_mozprofile6OiLDS"
JavaScript error: resource://gre/modules/XULStore.jsm, line 66: Error: Can't find profile directory.
1594591829545	Marionette	INFO	Listening on port 45206
1594591829714	Marionette	WARN	TLS certificate errors will be ignored for this session
JavaScript error: resource://gre/actors/AutoCompleteChild.jsm, line 208: Error: Invalid autocomplete selectedIndex
JavaScript error: resource://gre/actors/AutoCompleteChild.jsm, line 208: Error: Invalid autocomplete selectedIndex
JavaScript error: resource://gre/modules/LoginManagerChild.jsm, line 174: NS_ERROR_XPC_JAVASCRIPT_ERROR_WITH_DETAILS: [JavaScript Error: "Invalid autocomplete selectedIndex" {file: "resource://gre/actors/AutoCompleteChild.jsm" line: 208}]'[JavaScript Error: "Invalid autocomplete selectedIndex" {file: "resource://gre/actors/AutoCompleteChild.jsm" line: 208}]' when calling method: [nsIAutoCompletePopup::selectedIndex]
